<?xml version="1.0" encoding="UTF-8"?>
<testsuite name="dezide.ModelTest" tests="1" skipped="0" failures="0" errors="0" timestamp="2022-03-09T09:40:38" hostname="h343.aau1x-2.klient.slv.site.aau.dk" time="0.017">
  <properties/>
  <testcase name="Each 'None' value will not increase the multiplier" classname="dezide.ModelTest" time="0.017"/>
  <system-out><![CDATA[]]></system-out>
  <system-err><![CDATA[]]></system-err>
</testsuite>
